0 info it worked if it ends with ok
1 verbose cli [ '/Users/ivanbtrujillo/.nvm/versions/node/v6.8.1/bin/node',
1 verbose cli   '/Users/ivanbtrujillo/.nvm/versions/node/v6.8.1/bin/npm',
1 verbose cli   'start' ]
2 info using npm@3.10.8
3 info using node@v6.8.1
4 verbose run-script [ 'prestart', 'start', 'poststart' ]
5 info lifecycle angular2-codeschool-course@1.0.0~prestart: angular2-codeschool-course@1.0.0
6 silly lifecycle angular2-codeschool-course@1.0.0~prestart: no script for prestart, continuing
7 info lifecycle angular2-codeschool-course@1.0.0~start: angular2-codeschool-course@1.0.0
8 verbose lifecycle angular2-codeschool-course@1.0.0~start: unsafe-perm in lifecycle true
9 verbose lifecycle angular2-codeschool-course@1.0.0~start: PATH: /Users/ivanbtrujillo/.nvm/versions/node/v6.8.1/lib/node_modules/npm/bin/node-gyp-bin:/Users/ivanbtrujillo/Development/Angular2Projects/Angular2-CodeschoolCourse/node_modules/.bin:/Users/ivanbtrujillo/.nvm/versions/node/v6.8.1/bin:/usr/local/bin:/usr/bin:/bin:/usr/sbin:/sbin:/Users/ivanbtrujillo/Library/Android/sdk/tools:/Users/ivanbtrujillo/Library/Android/sdk/platform-tools:/Users/ivanbtrujillo/Library/Android/sdk/tools:/Users/ivanbtrujillo/Library/Android/sdk/platform-tools
10 verbose lifecycle angular2-codeschool-course@1.0.0~start: CWD: /Users/ivanbtrujillo/Development/Angular2Projects/Angular2-CodeschoolCourse
11 silly lifecycle angular2-codeschool-course@1.0.0~start: Args: [ '-c', 'tsc && concurrently "tsc -w" "lite-server" ' ]
12 silly lifecycle angular2-codeschool-course@1.0.0~start: Returned: code: 2  signal: null
13 info lifecycle angular2-codeschool-course@1.0.0~start: Failed to exec start script
14 verbose stack Error: angular2-codeschool-course@1.0.0 start: `tsc && concurrently "tsc -w" "lite-server" `
14 verbose stack Exit status 2
14 verbose stack     at EventEmitter.<anonymous> (/Users/ivanbtrujillo/.nvm/versions/node/v6.8.1/lib/node_modules/npm/lib/utils/lifecycle.js:255:16)
14 verbose stack     at emitTwo (events.js:106:13)
14 verbose stack     at EventEmitter.emit (events.js:191:7)
14 verbose stack     at ChildProcess.<anonymous> (/Users/ivanbtrujillo/.nvm/versions/node/v6.8.1/lib/node_modules/npm/lib/utils/spawn.js:40:14)
14 verbose stack     at emitTwo (events.js:106:13)
14 verbose stack     at ChildProcess.emit (events.js:191:7)
14 verbose stack     at maybeClose (internal/child_process.js:877:16)
14 verbose stack     at Process.ChildProcess._handle.onexit (internal/child_process.js:226:5)
15 verbose pkgid angular2-codeschool-course@1.0.0
16 verbose cwd /Users/ivanbtrujillo/Development/Angular2Projects/Angular2-CodeschoolCourse
17 error Darwin 16.0.0
18 error argv "/Users/ivanbtrujillo/.nvm/versions/node/v6.8.1/bin/node" "/Users/ivanbtrujillo/.nvm/versions/node/v6.8.1/bin/npm" "start"
19 error node v6.8.1
20 error npm  v3.10.8
21 error code ELIFECYCLE
22 error angular2-codeschool-course@1.0.0 start: `tsc && concurrently "tsc -w" "lite-server" `
22 error Exit status 2
23 error Failed at the angular2-codeschool-course@1.0.0 start script 'tsc && concurrently "tsc -w" "lite-server" '.
23 error Make sure you have the latest version of node.js and npm installed.
23 error If you do, this is most likely a problem with the angular2-codeschool-course package,
23 error not with npm itself.
23 error Tell the author that this fails on your system:
23 error     tsc && concurrently "tsc -w" "lite-server"
23 error You can get information on how to open an issue for this project with:
23 error     npm bugs angular2-codeschool-course
23 error Or if that isn't available, you can get their info via:
23 error     npm owner ls angular2-codeschool-course
23 error There is likely additional logging output above.
24 verbose exit [ 1, true ]
